DEBUG     Checking PHPLS_ALLOW_XDEBUG
DEBUG     The xdebug extension is not loaded

[Info  - 10:38:25 PM] 6403 files total
[Info  - 10:38:25 PM] Indexing project for definitions and static references
Parsing file:///home/youssef/Downloads/book-store/backend/config/session.php
Parsing file:///home/youssef/Downloads/book-store/backend/config/mail.php
Parsing file:///home/youssef/Downloads/book-store/backend/config/hashing.php
Parsing file:///home/youssef/Downloads/book-store/backend/config/queue.php
Parsing file:///home/youssef/Downloads/book-store/backend/config/database.php
Parsing file:///home/youssef/Downloads/book-store/backend/config/logging.php
Parsing file:///home/youssef/Downloads/book-store/backend/config/auth.php
Parsing file:///home/youssef/Downloads/book-store/backend/config/filesystems.php
Parsing file:///home/youssef/Downloads/book-store/backend/config/view.php
Parsing file:///home/youssef/Downloads/book-store/backend/config/app.php
Parsing file:///home/youssef/Downloads/book-store/backend/config/cache.php
Parsing file:///home/youssef/Downloads/book-store/backend/config/broadcasting.php
Parsing file:///home/youssef/Downloads/book-store/backend/config/services.php
Parsing file:///home/youssef/Downloads/book-store/backend/config/cors.php
Parsing file:///home/youssef/Downloads/book-store/backend/vendor/autoload.php
Parsing file:///home/youssef/Downloads/book-store/backend/vendor/composer/ClassLoader.php
Parsing file:///home/youssef/Downloads/book-store/backend/vendor/composer/autoload_real.php
Parsing file:///home/youssef/Downloads/book-store/backend/vendor/composer/autoload_psr4.php
Parsing file:///home/youssef/Downloads/book-store/backend/vendor/composer/autoload_static.php
[Info  - 10:38:26 PM] Ignoring file file:///home/youssef/Downloads/book-store/backend/vendor/composer/autoload_static.php because it exceeds size limit of 150000 bytes (586322)
Parsing file:///home/youssef/Downloads/book-store/backend/vendor/composer/autoload_classmap.php
[Info  - 10:38:26 PM] Ignoring file file:///home/youssef/Downloads/book-store/backend/vendor/composer/autoload_classmap.php because it exceeds size limit of 150000 bytes (531527)
Parsing file:///home/youssef/Downloads/book-store/backend/vendor/composer/autoload_namespaces.php
Parsing file:///home/youssef/Downloads/book-store/backend/vendor/composer/autoload_files.php
Parsing file:///home/youssef/Downloads/book-store/backend/resources/views/welcome.blade.php
Parsing file:///home/youssef/Downloads/book-store/backend/resources/lang/en/passwords.php
Parsing file:///home/youssef/Downloads/book-store/backend/resources/lang/en/pagination.php
Parsing file:///home/youssef/Downloads/book-store/backend/resources/lang/en/auth.php
Parsing file:///home/youssef/Downloads/book-store/backend/resources/lang/en/validation.php
Parsing file:///home/youssef/Downloads/book-store/backend/database/factories/BookFactory.php
Parsing file:///home/youssef/Downloads/book-store/backend/database/factories/UserFactory.php
Parsing file:///home/youssef/Downloads/book-store/backend/database/seeds/BooksTableSeeder.php
Parsing file:///home/youssef/Downloads/book-store/backend/database/seeds/DatabaseSeeder.php
Parsing file:///home/youssef/Downloads/book-store/backend/database/migrations/2020_05_11_165906_create_books_table.php
Parsing file:///home/youssef/Downloads/book-store/backend/database/migrations/2019_08_19_000000_create_failed_jobs_table.php
Parsing file:///home/youssef/Downloads/book-store/backend/database/migrations/2014_10_12_000000_create_users_table.php
Parsing file:///home/youssef/Downloads/book-store/backend/storage/framework/views/5f6bc35ac1b9a78a726c4568edda4332610d8e19.php
Parsing file:///home/youssef/Downloads/book-store/backend/storage/framework/views/81c9e57a0a7cc410fd5026c16ba05ea5124a0b05.php
Parsing file:///home/youssef/Downloads/book-store/backend/storage/framework/views/368ded76610b262824c5d2f92aa81a0086aea7a9.php
Parsing file:///home/youssef/Downloads/book-store/backend/storage/framework/views/b4024d2a49a0ed7525532062b4258f1c2200a74e.php
Parsing file:///home/youssef/Downloads/book-store/backend/storage/framework/views/3e21b4eb4769786f27c8287b8c1adc1682fdac45.php
Parsing file:///home/youssef/Downloads/book-store/backend/storage/framework/views/3c476b1cb6e359f7842997a1e1740a98fd635cfd.php
Parsing file:///home/youssef/Downloads/book-store/backend/storage/framework/views/4534f7b8662730919a566b6cf2087c5d1d349816.php
Parsing file:///home/youssef/Downloads/book-store/backend/app/Console/Kernel.php
Parsing file:///home/youssef/Downloads/book-store/backend/app/Exceptions/Handler.php
Parsing file:///home/youssef/Downloads/book-store/backend/app/Http/Middleware/TrustProxies.php
Parsing file:///home/youssef/Downloads/book-store/backend/app/Http/Middleware/CheckForMaintenanceMode.php
Parsing file:///home/youssef/Downloads/book-store/backend/app/Http/Middleware/TrimStrings.php
Parsing file:///home/youssef/Downloads/book-store/backend/app/Http/Middleware/EncryptCookies.php
Parsing file:///home/youssef/Downloads/book-store/backend/app/Http/Middleware/RedirectIfAuthenticated.php
Parsing file:///home/youssef/Downloads/book-store/backend/app/Http/Middleware/VerifyCsrfToken.php
Parsing file:///home/youssef/Downloads/book-store/backend/app/Http/Middleware/Authenticate.php
Parsing file:///home/youssef/Downloads/book-store/backend/app/Http/Kernel.php
Parsing file:///home/youssef/Downloads/book-store/backend/app/Http/Controllers/BookController.php
Parsing file:///home/youssef/Downloads/book-store/backend/app/Http/Controllers/Controller.php
Parsing file:///home/youssef/Downloads/book-store/backend/app/Http/Controllers/Users.php
Parsing file:///home/youssef/Downloads/book-store/backend/app/Http/Resources/Users.php
Parsing file:///home/youssef/Downloads/book-store/backend/app/Http/Resources/Book.php
Parsing file:///home/youssef/Downloads/book-store/backend/app/Book.php
Parsing file:///home/youssef/Downloads/book-store/backend/app/Providers/AuthServiceProvider.php
Parsing file:///home/youssef/Downloads/book-store/backend/app/Providers/AppServiceProvider.php
Parsing file:///home/youssef/Downloads/book-store/backend/app/Providers/RouteServiceProvider.php
Parsing file:///home/youssef/Downloads/book-store/backend/app/Providers/EventServiceProvider.php
Parsing file:///home/youssef/Downloads/book-store/backend/app/Providers/BroadcastServiceProvider.php
Parsing file:///home/youssef/Downloads/book-store/backend/app/User.php
Parsing file:///home/youssef/Downloads/book-store/backend/routes/console.php
Parsing file:///home/youssef/Downloads/book-store/backend/routes/web.php
Parsing file:///home/youssef/Downloads/book-store/backend/routes/channels.php
Parsing file:///home/youssef/Downloads/book-store/backend/routes/api.php
Parsing file:///home/youssef/Downloads/book-store/backend/public/index.php
Parsing file:///home/youssef/Downloads/book-store/backend/tests/Unit/ExampleTest.php
Parsing file:///home/youssef/Downloads/book-store/backend/tests/TestCase.php
Parsing file:///home/youssef/Downloads/book-store/backend/tests/CreatesApplication.php
Parsing file:///home/youssef/Downloads/book-store/backend/tests/Feature/ExampleTest.php
Parsing file:///home/youssef/Downloads/book-store/backend/bootstrap/cache/packages.php
Parsing file:///home/youssef/Downloads/book-store/backend/bootstrap/cache/services.php
Parsing file:///home/youssef/Downloads/book-store/backend/bootstrap/app.php
Parsing file:///home/youssef/Downloads/book-store/backend/server.php
[Info  - 10:38:27 PM] Indexing project for dynamic references
Parsing file:///home/youssef/Downloads/book-store/backend/config/session.php
Parsing file:///home/youssef/Downloads/book-store/backend/config/mail.php
Parsing file:///home/youssef/Downloads/book-store/backend/config/hashing.php
Parsing file:///home/youssef/Downloads/book-store/backend/config/queue.php
Parsing file:///home/youssef/Downloads/book-store/backend/config/database.php
Parsing file:///home/youssef/Downloads/book-store/backend/config/logging.php
Parsing file:///home/youssef/Downloads/book-store/backend/config/auth.php
Parsing file:///home/youssef/Downloads/book-store/backend/config/filesystems.php
Parsing file:///home/youssef/Downloads/book-store/backend/config/view.php
Parsing file:///home/youssef/Downloads/book-store/backend/config/app.php
Parsing file:///home/youssef/Downloads/book-store/backend/config/cache.php
Parsing file:///home/youssef/Downloads/book-store/backend/config/broadcasting.php
Parsing file:///home/youssef/Downloads/book-store/backend/config/services.php
Parsing file:///home/youssef/Downloads/book-store/backend/config/cors.php
Parsing file:///home/youssef/Downloads/book-store/backend/vendor/autoload.php
Parsing file:///home/youssef/Downloads/book-store/backend/vendor/composer/ClassLoader.php
Parsing file:///home/youssef/Downloads/book-store/backend/vendor/composer/autoload_real.php
Parsing file:///home/youssef/Downloads/book-store/backend/vendor/composer/autoload_psr4.php
Parsing file:///home/youssef/Downloads/book-store/backend/vendor/composer/autoload_static.php
[Info  - 10:38:27 PM] Ignoring file file:///home/youssef/Downloads/book-store/backend/vendor/composer/autoload_static.php because it exceeds size limit of 150000 bytes (586322)
Parsing file:///home/youssef/Downloads/book-store/backend/vendor/composer/autoload_classmap.php
[Info  - 10:38:27 PM] Ignoring file file:///home/youssef/Downloads/book-store/backend/vendor/composer/autoload_classmap.php because it exceeds size limit of 150000 bytes (531527)
Parsing file:///home/youssef/Downloads/book-store/backend/vendor/composer/autoload_namespaces.php
Parsing file:///home/youssef/Downloads/book-store/backend/vendor/composer/autoload_files.php
Parsing file:///home/youssef/Downloads/book-store/backend/resources/views/welcome.blade.php
Parsing file:///home/youssef/Downloads/book-store/backend/resources/lang/en/passwords.php
Parsing file:///home/youssef/Downloads/book-store/backend/resources/lang/en/pagination.php
Parsing file:///home/youssef/Downloads/book-store/backend/resources/lang/en/auth.php
Parsing file:///home/youssef/Downloads/book-store/backend/resources/lang/en/validation.php
Parsing file:///home/youssef/Downloads/book-store/backend/database/factories/BookFactory.php
Parsing file:///home/youssef/Downloads/book-store/backend/database/factories/UserFactory.php
Parsing file:///home/youssef/Downloads/book-store/backend/database/seeds/BooksTableSeeder.php
Parsing file:///home/youssef/Downloads/book-store/backend/database/seeds/DatabaseSeeder.php
Parsing file:///home/youssef/Downloads/book-store/backend/database/migrations/2020_05_11_165906_create_books_table.php
Parsing file:///home/youssef/Downloads/book-store/backend/database/migrations/2019_08_19_000000_create_failed_jobs_table.php
Parsing file:///home/youssef/Downloads/book-store/backend/database/migrations/2014_10_12_000000_create_users_table.php
Parsing file:///home/youssef/Downloads/book-store/backend/storage/framework/views/5f6bc35ac1b9a78a726c4568edda4332610d8e19.php
Parsing file:///home/youssef/Downloads/book-store/backend/storage/framework/views/81c9e57a0a7cc410fd5026c16ba05ea5124a0b05.php
Parsing file:///home/youssef/Downloads/book-store/backend/storage/framework/views/368ded76610b262824c5d2f92aa81a0086aea7a9.php
Parsing file:///home/youssef/Downloads/book-store/backend/storage/framework/views/b4024d2a49a0ed7525532062b4258f1c2200a74e.php
Parsing file:///home/youssef/Downloads/book-store/backend/storage/framework/views/3e21b4eb4769786f27c8287b8c1adc1682fdac45.php
Parsing file:///home/youssef/Downloads/book-store/backend/storage/framework/views/3c476b1cb6e359f7842997a1e1740a98fd635cfd.php
Parsing file:///home/youssef/Downloads/book-store/backend/storage/framework/views/4534f7b8662730919a566b6cf2087c5d1d349816.php
Parsing file:///home/youssef/Downloads/book-store/backend/app/Console/Kernel.php
Parsing file:///home/youssef/Downloads/book-store/backend/app/Exceptions/Handler.php
Parsing file:///home/youssef/Downloads/book-store/backend/app/Http/Middleware/TrustProxies.php
Parsing file:///home/youssef/Downloads/book-store/backend/app/Http/Middleware/CheckForMaintenanceMode.php
Parsing file:///home/youssef/Downloads/book-store/backend/app/Http/Middleware/TrimStrings.php
Parsing file:///home/youssef/Downloads/book-store/backend/app/Http/Middleware/EncryptCookies.php
Parsing file:///home/youssef/Downloads/book-store/backend/app/Http/Middleware/RedirectIfAuthenticated.php
Parsing file:///home/youssef/Downloads/book-store/backend/app/Http/Middleware/VerifyCsrfToken.php
Parsing file:///home/youssef/Downloads/book-store/backend/app/Http/Middleware/Authenticate.php
Parsing file:///home/youssef/Downloads/book-store/backend/app/Http/Kernel.php
Parsing file:///home/youssef/Downloads/book-store/backend/app/Http/Controllers/BookController.php
Parsing file:///home/youssef/Downloads/book-store/backend/app/Http/Controllers/Controller.php
Parsing file:///home/youssef/Downloads/book-store/backend/app/Http/Controllers/Users.php
Parsing file:///home/youssef/Downloads/book-store/backend/app/Http/Resources/Users.php
Parsing file:///home/youssef/Downloads/book-store/backend/app/Http/Resources/Book.php
Parsing file:///home/youssef/Downloads/book-store/backend/app/Book.php
Parsing file:///home/youssef/Downloads/book-store/backend/app/Providers/AuthServiceProvider.php
Parsing file:///home/youssef/Downloads/book-store/backend/app/Providers/AppServiceProvider.php
Parsing file:///home/youssef/Downloads/book-store/backend/app/Providers/RouteServiceProvider.php
Parsing file:///home/youssef/Downloads/book-store/backend/app/Providers/EventServiceProvider.php
Parsing file:///home/youssef/Downloads/book-store/backend/app/Providers/BroadcastServiceProvider.php
Parsing file:///home/youssef/Downloads/book-store/backend/app/User.php
Parsing file:///home/youssef/Downloads/book-store/backend/routes/console.php
Parsing file:///home/youssef/Downloads/book-store/backend/routes/web.php
Parsing file:///home/youssef/Downloads/book-store/backend/routes/channels.php
Parsing file:///home/youssef/Downloads/book-store/backend/routes/api.php
Parsing file:///home/youssef/Downloads/book-store/backend/public/index.php
Parsing file:///home/youssef/Downloads/book-store/backend/tests/Unit/ExampleTest.php
Parsing file:///home/youssef/Downloads/book-store/backend/tests/TestCase.php
Parsing file:///home/youssef/Downloads/book-store/backend/tests/CreatesApplication.php
Parsing file:///home/youssef/Downloads/book-store/backend/tests/Feature/ExampleTest.php
Parsing file:///home/youssef/Downloads/book-store/backend/bootstrap/cache/packages.php
Parsing file:///home/youssef/Downloads/book-store/backend/bootstrap/cache/services.php
Parsing file:///home/youssef/Downloads/book-store/backend/bootstrap/app.php
Parsing file:///home/youssef/Downloads/book-store/backend/server.php
[Info  - 10:38:28 PM] 92 Packages
[Info  - 10:38:28 PM] Restored myclabs/deep-copy:1.9.5 from cache
[Info  - 10:38:28 PM] Restored egulias/email-validator:2.1.17 from cache
[Info  - 10:38:28 PM] Restored swiftmailer/swiftmailer:6.2.3 from cache
[Info  - 10:38:28 PM] Restored webmozart/assert:1.8.0 from cache
[Info  - 10:38:28 PM] Restored doctrine/lexer:1.2.0 from cache
[Info  - 10:38:28 PM] Restored doctrine/instantiator:1.3.0 from cache
[Info  - 10:38:29 PM] Restored doctrine/inflector:1.4.0 from cache
[Info  - 10:38:29 PM] Restored brick/math:0.8.15 from cache
[Info  - 10:38:29 PM] Restored guzzlehttp/promises:1.3.1 from cache
[Info  - 10:38:29 PM] Restored guzzlehttp/psr7:1.6.1 from cache
[Info  - 10:38:29 PM] Restored guzzlehttp/guzzle:6.5.3 from cache
[Info  - 10:38:30 PM] Restored psy/psysh:0.10.4 from cache
[Info  - 10:38:30 PM] Restored nunomaduro/collision:4.2.0 from cache
[Info  - 10:38:30 PM] Restored league/commonmark:1.4.3 from cache
[Info  - 10:38:30 PM] Restored league/flysystem:1.0.67 from cache
[Info  - 10:38:30 PM] Restored filp/whoops:2.7.2 from cache
[Info  - 10:38:31 PM] Restored ralouphie/getallheaders:3.0.3 from cache
[Info  - 10:38:31 PM] Restored phar-io/manifest:1.0.3 from cache
[Info  - 10:38:31 PM] Restored phar-io/version:2.0.1 from cache
[Info  - 10:38:31 PM] Restored nesbot/carbon:2.33.0 from cache
[Info  - 10:38:32 PM] Restored nikic/php-parser:4.4.0 from cache
[Info  - 10:38:32 PM] Restored dnoegel/php-xdg-base-dir:0.1.1 from cache
[Info  - 10:38:32 PM] Restored hamcrest/hamcrest-php:2.0.0 from cache
[Info  - 10:38:32 PM] Restored psr/container:1.0.0 from cache
[Info  - 10:38:32 PM] Restored psr/log:1.1.3 from cache
[Info  - 10:38:32 PM] Restored psr/http-message:1.0.1 from cache
[Info  - 10:38:32 PM] Restored psr/simple-cache:1.0.1 from cache
[Info  - 10:38:32 PM] Restored psr/event-dispatcher:1.0.0 from cache
[Info  - 10:38:33 PM] Restored ramsey/collection:1.0.1 from cache
[Info  - 10:38:34 PM] Restored ramsey/uuid:4.0.1 from cache
[Info  - 10:38:34 PM] Restored phpunit/php-code-coverage:7.0.10 from cache
[Info  - 10:38:35 PM] Restored phpunit/php-timer:2.1.2 from cache
[Info  - 10:38:35 PM] Restored phpunit/phpunit:8.5.4 from cache
[Info  - 10:38:35 PM] Restored phpunit/php-text-template:1.2.1 from cache
[Info  - 10:38:36 PM] Restored phpunit/php-file-iterator:2.0.2 from cache
[Info  - 10:38:36 PM] Restored phpunit/php-token-stream:3.1.1 from cache
[Info  - 10:38:36 PM] Restored vlucas/phpdotenv:4.1.5 from cache
[Info  - 10:38:36 PM] Restored phpoption/phpoption:1.7.3 from cache
[Info  - 10:38:36 PM] Restored asm89/stack-cors:1.3.0 from cache
[Info  - 10:38:36 PM] Restored fideloper/proxy:4.3.0 from cache
[Info  - 10:38:38 PM] Restored scrivo/highlight.php:9.18.1.1 from cache
[Info  - 10:38:38 PM] Restored laravel/framework:7.10.3 from cache
[Info  - 10:38:38 PM] Restored laravel/tinker:2.4.0 from cache
[Info  - 10:38:39 PM] Restored fzaninotto/faker:1.9.1 from cache
[Info  - 10:38:39 PM] Restored facade/ignition:2.0.2 from cache
[Info  - 10:38:39 PM] Restored facade/ignition-contracts:1.0.0 from cache
[Info  - 10:38:39 PM] Restored facade/flare-client-php:1.3.2 from cache
[Info  - 10:38:39 PM] Restored opis/closure:3.5.1 from cache
[Info  - 10:38:40 PM] Restored phpdocumentor/reflection-docblock:5.1.0 from cache
[Info  - 10:38:40 PM] Restored phpdocumentor/type-resolver:1.1.0 from cache
[Info  - 10:38:40 PM] Restored phpdocumentor/reflection-common:2.1.0 from cache
[Info  - 10:38:40 PM] Restored voku/portable-ascii:1.4.10 from cache
[Info  - 10:38:40 PM] Restored phpspec/prophecy:1.10.3 from cache
[Info  - 10:38:40 PM] Restored dragonmantank/cron-expression:2.3.0 from cache
[Info  - 10:38:40 PM] Restored sebastian/code-unit-reverse-lookup:1.0.1 from cache
[Info  - 10:38:40 PM] Restored sebastian/comparator:3.0.2 from cache
[Info  - 10:38:40 PM] Restored sebastian/resource-operations:2.0.1 from cache
[Info  - 10:38:40 PM] Restored sebastian/object-reflector:1.1.1 from cache
[Info  - 10:38:40 PM] Restored sebastian/environment:4.2.3 from cache
[Info  - 10:38:40 PM] Restored sebastian/diff:3.0.2 from cache
[Info  - 10:38:40 PM] Restored sebastian/recursion-context:3.0.0 from cache
[Info  - 10:38:40 PM] Restored sebastian/global-state:3.0.0 from cache
[Info  - 10:38:40 PM] Restored sebastian/object-enumerator:3.0.3 from cache
[Info  - 10:38:40 PM] Restored sebastian/exporter:3.1.2 from cache
[Info  - 10:38:41 PM] Restored sebastian/version:2.0.1 from cache
[Info  - 10:38:41 PM] Restored sebastian/type:1.1.3 from cache
[Info  - 10:38:41 PM] Restored theseer/tokenizer:1.1.3 from cache
[Info  - 10:38:42 PM] Restored mockery/mockery:1.3.1 from cache
[Info  - 10:38:42 PM] Restored tijsverkoyen/css-to-inline-styles:2.2.2 from cache
[Info  - 10:38:42 PM] Restored fruitcake/laravel-cors:1.0.6 from cache
[Info  - 10:38:42 PM] Restored symfony/error-handler:5.0.8 from cache
[Info  - 10:38:42 PM] Restored symfony/console:5.0.8 from cache
[Info  - 10:38:42 PM] Restored symfony/polyfill-php72:1.16.0 from cache
[Info  - 10:38:42 PM] Restored symfony/polyfill-ctype:1.16.0 from cache
[Info  - 10:38:43 PM] Restored symfony/event-dispatcher-contracts:2.0.1 from cache
[Info  - 10:38:43 PM] Restored symfony/mime:5.0.8 from cache
[Info  - 10:38:44 PM] Restored symfony/process:5.0.8 from cache
[Info  - 10:38:44 PM] Restored symfony/var-dumper:5.0.8 from cache
[Info  - 10:38:44 PM] Restored symfony/http-foundation:5.0.8 from cache
[Info  - 10:38:44 PM] Restored symfony/translation:5.0.8 from cache
[Info  - 10:38:44 PM] Restored symfony/polyfill-iconv:1.16.0 from cache
[Info  - 10:38:44 PM] Restored symfony/css-selector:5.0.8 from cache
[Info  - 10:38:44 PM] Restored symfony/translation-contracts:2.0.1 from cache
[Info  - 10:38:44 PM] Restored symfony/polyfill-php73:1.16.0 from cache
[Info  - 10:38:44 PM] Restored symfony/polyfill-mbstring:1.16.0 from cache
[Info  - 10:38:45 PM] Restored symfony/service-contracts:2.0.1 from cache
[Info  - 10:38:45 PM] Restored symfony/finder:5.0.8 from cache
[Info  - 10:38:46 PM] Restored symfony/routing:5.0.8 from cache
[Info  - 10:38:46 PM] Restored symfony/http-kernel:5.0.8 from cache
[Info  - 10:38:46 PM] Restored symfony/event-dispatcher:5.0.8 from cache
[Info  - 10:38:47 PM] Restored symfony/polyfill-intl-idn:1.16.0 from cache
[Info  - 10:38:47 PM] Restored monolog/monolog:2.0.2 from cache
[Info  - 10:38:47 PM] All 6403 PHP files parsed in 22 seconds. 438 MiB allocated.
